<html>
<body>
<pre>
<h1>µVision Build Log</h1>
<h2>Tool Versions:</h2>
IDE-Version: ÂµVision V5.27.1.0
Copyright (C) 2019 ARM Ltd and ARM Germany GmbH. All rights reserved.
License Information: Simon Stauss, Robert Bosch GmbH, LIC=----
 
Tool Versions:
Toolchain:       PK51 Prof. Develpers Kit  Version: 9.60.0.0
Toolchain Path:  C:\Program Files (x86)\Keil\C51\BIN
C Compiler:      C51.exe V9.60.0.0
Assembler:       A51.exe V8.2.7.0
Linker/Locator:  BL51.exe V6.22.2.0
Library Manager: LIB51.exe V4.30.1.0
Hex Converter:   OH51.exe V2.7.0.0
CPU DLL:         S8051.DLL V3.122.0.0
Dialog DLL:      D500.DLL V2.52.0.0 
<h2>Project:</h2>
C:\Users\Simon\OneDrive - Hochschule\Programmieren\Assembler\Sys. Prog\Projekt\Apfel\Apfel.uvproj
Project File Date:  12/12/2020

<h2>Output:</h2>
Build target 'Target 1'
assembling main.a51...
C:\Users\Simon\OneDrive - Hochschule\Programmieren\Assembler\Sys. Prog\Projekt\Apfel\main.a51(27): error A9: SYNTAX ERROR
C:\Users\Simon\OneDrive - Hochschule\Programmieren\Assembler\Sys. Prog\Projekt\Apfel\main.a51(28): warning A52: VALUE HAS BEEN TRUNCATED TO 8 BITS
C:\Users\Simon\OneDrive - Hochschule\Programmieren\Assembler\Sys. Prog\Projekt\Apfel\main.a51(35): error A45: UNDEFINED SYMBOL (PASS-2)
C:\Users\Simon\OneDrive - Hochschule\Programmieren\Assembler\Sys. Prog\Projekt\Apfel\main.a51(45): error A38: NUMBER OF OPERANDS DOES NOT MATCH INSTRUCTION
C:\Users\Simon\OneDrive - Hochschule\Programmieren\Assembler\Sys. Prog\Projekt\Apfel\main.a51(120): warning A41: MISSING 'END' STATEMENT
Target not created.
Build Time Elapsed:  00:00:00
</pre>
</body>
</html>
